This file contains any messages produced by compilers while
running configure, to aid debugging if configure makes a mistake.

It was created by STRanger configure 0.0.1, which was
generated by GNU Autoconf 2.65.  Invocation command line was

  $ ./configure 

## --------- ##
## Platform. ##
## --------- ##

hostname = club
uname -m = x86_64
uname -r = 2.6.32-24-server
uname -s = Linux
uname -v = #43-Ubuntu SMP Thu Sep 16 16:05:42 UTC 2010

/usr/bin/uname -p = unknown
/bin/uname -X     = unknown

/bin/arch              = unknown
/usr/bin/arch -k       = unknown
/usr/convex/getsysinfo = unknown
/usr/bin/hostinfo      = unknown
/bin/machine           = unknown
/usr/bin/oslevel       = unknown
/bin/universe          = unknown

PATH: /usr/local/sbin
PATH: /usr/local/bin
PATH: /usr/sbin
PATH: /usr/bin
PATH: /sbin
PATH: /bin
PATH: /usr/games


## ----------- ##
## Core tests. ##
## ----------- ##

configure:1921: checking for a BSD-compatible install
configure:1989: result: /usr/bin/install -c
configure:2000: checking whether build environment is sane
configure:2050: result: yes
configure:2191: checking for a thread-safe mkdir -p
configure:2230: result: /bin/mkdir -p
configure:2243: checking for gawk
configure:2259: found /usr/bin/gawk
configure:2270: result: gawk
configure:2281: checking whether make sets $(MAKE)
configure:2303: result: yes
configure:2440: checking for ranlib
configure:2456: found /usr/bin/ranlib
configure:2467: result: ranlib
configure:2547: checking for g++
configure:2563: found /usr/bin/g++
configure:2574: result: g++
configure:2601: checking for C++ compiler version
configure:2610: g++ --version >&5
g++ (Ubuntu 4.4.3-4ubuntu5) 4.4.3
Copyright (C) 2009 Free Software Foundation, Inc.
This is free software; see the source for copying conditions.  There is NO
warranty; not even for MERCHANTABILITY or FITNESS FOR A PARTICULAR PURPOSE.

configure:2621: $? = 0
configure:2610: g++ -v >&5
Using built-in specs.
Target: x86_64-linux-gnu
Configured with: ../src/configure -v --with-pkgversion='Ubuntu 4.4.3-4ubuntu5' --with-bugurl=file:///usr/share/doc/gcc-4.4/README.Bugs --enable-languages=c,c++,fortran,objc,obj-c++ --prefix=/usr --enable-shared --enable-multiarch --enable-linker-build-id --with-system-zlib --libexecdir=/usr/lib --without-included-gettext --enable-threads=posix --with-gxx-include-dir=/usr/include/c++/4.4 --program-suffix=-4.4 --enable-nls --enable-clocale=gnu --enable-libstdcxx-debug --enable-plugin --enable-objc-gc --disable-werror --with-arch-32=i486 --with-tune=generic --enable-checking=release --build=x86_64-linux-gnu --host=x86_64-linux-gnu --target=x86_64-linux-gnu
Thread model: posix
gcc version 4.4.3 (Ubuntu 4.4.3-4ubuntu5) 
configure:2621: $? = 0
configure:2610: g++ -V >&5
g++: '-V' option must have argument
configure:2621: $? = 1
configure:2610: g++ -qversion >&5
g++: unrecognized option '-qversion'
g++: no input files
configure:2621: $? = 1
configure:2641: checking whether the C++ compiler works
configure:2663: g++    conftest.cpp  >&5
configure:2667: $? = 0
configure:2716: result: yes
configure:2719: checking for C++ compiler default output file name
configure:2721: result: a.out
configure:2727: checking for suffix of executables
configure:2734: g++ -o conftest    conftest.cpp  >&5
configure:2738: $? = 0
configure:2760: result: 
configure:2782: checking whether we are cross compiling
configure:2790: g++ -o conftest    conftest.cpp  >&5
configure:2794: $? = 0
configure:2801: ./conftest
configure:2805: $? = 0
configure:2820: result: no
configure:2825: checking for suffix of object files
configure:2847: g++ -c   conftest.cpp >&5
configure:2851: $? = 0
configure:2872: result: o
configure:2876: checking whether we are using the GNU C++ compiler
configure:2895: g++ -c   conftest.cpp >&5
configure:2895: $? = 0
configure:2904: result: yes
configure:2913: checking whether g++ accepts -g
configure:2933: g++ -c -g  conftest.cpp >&5
configure:2933: $? = 0
configure:2974: result: yes
configure:3008: checking for style of include used by make
configure:3036: result: GNU
configure:3061: checking dependency style of g++
configure:3171: result: gcc3
configure:3236: checking for pkg-config
configure:3254: found /usr/bin/pkg-config
configure:3266: result: /usr/bin/pkg-config
configure:3291: checking pkg-config is at least version 0.9.0
configure:3294: result: yes
configure:3305: checking for FFTW
configure:3313: $PKG_CONFIG --exists --print-errors "fftw3"
configure:3316: $? = 0
configure:3331: $PKG_CONFIG --exists --print-errors "fftw3"
configure:3334: $? = 0
configure:3389: result: yes
configure:3398: checking build system type
configure:3412: result: x86_64-unknown-linux-gnu
configure:3432: checking host system type
configure:3445: result: x86_64-unknown-linux-gnu
configure:3513: checking for gcc
configure:3529: found /usr/bin/gcc
configure:3540: result: gcc
configure:3769: checking for C compiler version
configure:3778: gcc --version >&5
gcc (Ubuntu 4.4.3-4ubuntu5) 4.4.3
Copyright (C) 2009 Free Software Foundation, Inc.
This is free software; see the source for copying conditions.  There is NO
warranty; not even for MERCHANTABILITY or FITNESS FOR A PARTICULAR PURPOSE.

configure:3789: $? = 0
configure:3778: gcc -v >&5
Using built-in specs.
Target: x86_64-linux-gnu
Configured with: ../src/configure -v --with-pkgversion='Ubuntu 4.4.3-4ubuntu5' --with-bugurl=file:///usr/share/doc/gcc-4.4/README.Bugs --enable-languages=c,c++,fortran,objc,obj-c++ --prefix=/usr --enable-shared --enable-multiarch --enable-linker-build-id --with-system-zlib --libexecdir=/usr/lib --without-included-gettext --enable-threads=posix --with-gxx-include-dir=/usr/include/c++/4.4 --program-suffix=-4.4 --enable-nls --enable-clocale=gnu --enable-libstdcxx-debug --enable-plugin --enable-objc-gc --disable-werror --with-arch-32=i486 --with-tune=generic --enable-checking=release --build=x86_64-linux-gnu --host=x86_64-linux-gnu --target=x86_64-linux-gnu
Thread model: posix
gcc version 4.4.3 (Ubuntu 4.4.3-4ubuntu5) 
configure:3789: $? = 0
configure:3778: gcc -V >&5
gcc: '-V' option must have argument
configure:3789: $? = 1
configure:3778: gcc -qversion >&5
gcc: unrecognized option '-qversion'
gcc: no input files
configure:3789: $? = 1
configure:3793: checking whether we are using the GNU C compiler
configure:3812: gcc -c   conftest.c >&5
configure:3812: $? = 0
configure:3821: result: yes
configure:3830: checking whether gcc accepts -g
configure:3850: gcc -c -g  conftest.c >&5
configure:3850: $? = 0
configure:3891: result: yes
configure:3908: checking for gcc option to accept ISO C89
configure:3972: gcc  -c -g -O2  conftest.c >&5
configure:3972: $? = 0
configure:3985: result: none needed
configure:4007: checking dependency style of gcc
configure:4117: result: gcc3
configure:4298: checking for the pthreads library -lpthreads
configure:4331: gcc -o conftest -g -O2    conftest.c -lpthreads  >&5
/usr/bin/ld: cannot find -lpthreads
collect2: ld returned 1 exit status
configure:4331: $? = 1
configure: failed program was:
| /* confdefs.h */
| #define PACKAGE_NAME "STRanger"
| #define PACKAGE_TARNAME "STRanger"
| #define PACKAGE_VERSION "0.0.1"
| #define PACKAGE_STRING "STRanger 0.0.1"
| #define PACKAGE_BUGREPORT "Melissa Gymrek mgymrek@mit.edu"
| #define PACKAGE_URL ""
| #define PACKAGE "STRanger"
| #define VERSION "0.0.1"
| /* end confdefs.h.  */
| #include <pthread.h>
| int
| main ()
| {
| pthread_t th; pthread_join(th, 0);
|                      pthread_attr_init(0); pthread_cleanup_push(0, 0);
|                      pthread_create(0,0,0,0); pthread_cleanup_pop(0);
|   ;
|   return 0;
| }
configure:4340: result: no
configure:4243: checking whether pthreads work without any flags
configure:4331: gcc -o conftest -g -O2    conftest.c   >&5
/tmp/cc77Nqgu.o: In function `main':
/data/melissa/scripts/projects/lobstr-code/conftest.c:15: undefined reference to `pthread_join'
/data/melissa/scripts/projects/lobstr-code/conftest.c:16: undefined reference to `__pthread_register_cancel'
/data/melissa/scripts/projects/lobstr-code/conftest.c:17: undefined reference to `pthread_create'
/data/melissa/scripts/projects/lobstr-code/conftest.c:17: undefined reference to `__pthread_unregister_cancel'
collect2: ld returned 1 exit status
configure:4331: $? = 1
configure: failed program was:
| /* confdefs.h */
| #define PACKAGE_NAME "STRanger"
| #define PACKAGE_TARNAME "STRanger"
| #define PACKAGE_VERSION "0.0.1"
| #define PACKAGE_STRING "STRanger 0.0.1"
| #define PACKAGE_BUGREPORT "Melissa Gymrek mgymrek@mit.edu"
| #define PACKAGE_URL ""
| #define PACKAGE "STRanger"
| #define VERSION "0.0.1"
| /* end confdefs.h.  */
| #include <pthread.h>
| int
| main ()
| {
| pthread_t th; pthread_join(th, 0);
|                      pthread_attr_init(0); pthread_cleanup_push(0, 0);
|                      pthread_create(0,0,0,0); pthread_cleanup_pop(0);
|   ;
|   return 0;
| }
configure:4340: result: no
configure:4248: checking whether pthreads work with -Kthread
configure:4331: gcc -o conftest -g -O2 -Kthread   conftest.c   >&5
gcc: unrecognized option '-Kthread'
/tmp/ccLNcl6B.o: In function `main':
/data/melissa/scripts/projects/lobstr-code/conftest.c:15: undefined reference to `pthread_join'
/data/melissa/scripts/projects/lobstr-code/conftest.c:16: undefined reference to `__pthread_register_cancel'
/data/melissa/scripts/projects/lobstr-code/conftest.c:17: undefined reference to `pthread_create'
/data/melissa/scripts/projects/lobstr-code/conftest.c:17: undefined reference to `__pthread_unregister_cancel'
collect2: ld returned 1 exit status
configure:4331: $? = 1
configure: failed program was:
| /* confdefs.h */
| #define PACKAGE_NAME "STRanger"
| #define PACKAGE_TARNAME "STRanger"
| #define PACKAGE_VERSION "0.0.1"
| #define PACKAGE_STRING "STRanger 0.0.1"
| #define PACKAGE_BUGREPORT "Melissa Gymrek mgymrek@mit.edu"
| #define PACKAGE_URL ""
| #define PACKAGE "STRanger"
| #define VERSION "0.0.1"
| /* end confdefs.h.  */
| #include <pthread.h>
| int
| main ()
| {
| pthread_t th; pthread_join(th, 0);
|                      pthread_attr_init(0); pthread_cleanup_push(0, 0);
|                      pthread_create(0,0,0,0); pthread_cleanup_pop(0);
|   ;
|   return 0;
| }
configure:4340: result: no
configure:4248: checking whether pthreads work with -kthread
configure:4331: gcc -o conftest -g -O2 -kthread   conftest.c   >&5
gcc: unrecognized option '-kthread'
/tmp/ccDGQtB5.o: In function `main':
/data/melissa/scripts/projects/lobstr-code/conftest.c:15: undefined reference to `pthread_join'
/data/melissa/scripts/projects/lobstr-code/conftest.c:16: undefined reference to `__pthread_register_cancel'
/data/melissa/scripts/projects/lobstr-code/conftest.c:17: undefined reference to `pthread_create'
/data/melissa/scripts/projects/lobstr-code/conftest.c:17: undefined reference to `__pthread_unregister_cancel'
collect2: ld returned 1 exit status
configure:4331: $? = 1
configure: failed program was:
| /* confdefs.h */
| #define PACKAGE_NAME "STRanger"
| #define PACKAGE_TARNAME "STRanger"
| #define PACKAGE_VERSION "0.0.1"
| #define PACKAGE_STRING "STRanger 0.0.1"
| #define PACKAGE_BUGREPORT "Melissa Gymrek mgymrek@mit.edu"
| #define PACKAGE_URL ""
| #define PACKAGE "STRanger"
| #define VERSION "0.0.1"
| /* end confdefs.h.  */
| #include <pthread.h>
| int
| main ()
| {
| pthread_t th; pthread_join(th, 0);
|                      pthread_attr_init(0); pthread_cleanup_push(0, 0);
|                      pthread_create(0,0,0,0); pthread_cleanup_pop(0);
|   ;
|   return 0;
| }
configure:4340: result: no
configure:4298: checking for the pthreads library -llthread
configure:4331: gcc -o conftest -g -O2    conftest.c -llthread  >&5
/usr/bin/ld: cannot find -llthread
collect2: ld returned 1 exit status
configure:4331: $? = 1
configure: failed program was:
| /* confdefs.h */
| #define PACKAGE_NAME "STRanger"
| #define PACKAGE_TARNAME "STRanger"
| #define PACKAGE_VERSION "0.0.1"
| #define PACKAGE_STRING "STRanger 0.0.1"
| #define PACKAGE_BUGREPORT "Melissa Gymrek mgymrek@mit.edu"
| #define PACKAGE_URL ""
| #define PACKAGE "STRanger"
| #define VERSION "0.0.1"
| /* end confdefs.h.  */
| #include <pthread.h>
| int
| main ()
| {
| pthread_t th; pthread_join(th, 0);
|                      pthread_attr_init(0); pthread_cleanup_push(0, 0);
|                      pthread_create(0,0,0,0); pthread_cleanup_pop(0);
|   ;
|   return 0;
| }
configure:4340: result: no
configure:4248: checking whether pthreads work with -pthread
configure:4331: gcc -o conftest -g -O2 -pthread   conftest.c   >&5
configure:4331: $? = 0
configure:4340: result: yes
configure:4359: checking for joinable pthread attribute
configure:4374: gcc -o conftest -g -O2 -pthread   conftest.c   >&5
configure:4374: $? = 0
configure:4380: result: PTHREAD_CREATE_JOINABLE
configure:4390: checking if more special flags are required for pthreads
configure:4397: result: no
configure:4519: checking for cppunit-config
configure:4537: found /usr/bin/cppunit-config
configure:4550: result: /usr/bin/cppunit-config
configure:4560: checking for Cppunit - version >= 1.12.1
configure:4606: result: 1.12.1
configure:4752: creating ./config.status

## ---------------------- ##
## Running config.status. ##
## ---------------------- ##

This file was extended by STRanger config.status 0.0.1, which was
generated by GNU Autoconf 2.65.  Invocation command line was

  CONFIG_FILES    = 
  CONFIG_HEADERS  = 
  CONFIG_LINKS    = 
  CONFIG_COMMANDS = 
  $ ./config.status 

on club

config.status:865: creating m4/Makefile
config.status:865: creating Makefile
config.status:865: creating src/Makefile
config.status:865: creating config.h
config.status:1037: config.h is unchanged
config.status:1085: executing depfiles commands

## ---------------- ##
## Cache variables. ##
## ---------------- ##

ac_cv_build=x86_64-unknown-linux-gnu
ac_cv_c_compiler_gnu=yes
ac_cv_cxx_compiler_gnu=yes
ac_cv_env_CCC_set=
ac_cv_env_CCC_value=
ac_cv_env_CC_set=
ac_cv_env_CC_value=
ac_cv_env_CFLAGS_set=
ac_cv_env_CFLAGS_value=
ac_cv_env_CPPFLAGS_set=
ac_cv_env_CPPFLAGS_value=
ac_cv_env_CXXFLAGS_set=
ac_cv_env_CXXFLAGS_value=
ac_cv_env_CXX_set=
ac_cv_env_CXX_value=
ac_cv_env_FFTW_CFLAGS_set=
ac_cv_env_FFTW_CFLAGS_value=
ac_cv_env_FFTW_LIBS_set=
ac_cv_env_FFTW_LIBS_value=
ac_cv_env_LDFLAGS_set=
ac_cv_env_LDFLAGS_value=
ac_cv_env_LIBS_set=
ac_cv_env_LIBS_value=
ac_cv_env_PKG_CONFIG_set=
ac_cv_env_PKG_CONFIG_value=
ac_cv_env_build_alias_set=
ac_cv_env_build_alias_value=
ac_cv_env_host_alias_set=
ac_cv_env_host_alias_value=
ac_cv_env_target_alias_set=
ac_cv_env_target_alias_value=
ac_cv_host=x86_64-unknown-linux-gnu
ac_cv_objext=o
ac_cv_path_CPPUNIT_CONFIG=/usr/bin/cppunit-config
ac_cv_path_ac_pt_PKG_CONFIG=/usr/bin/pkg-config
ac_cv_path_install='/usr/bin/install -c'
ac_cv_path_mkdir=/bin/mkdir
ac_cv_prog_AWK=gawk
ac_cv_prog_ac_ct_CC=gcc
ac_cv_prog_ac_ct_CXX=g++
ac_cv_prog_ac_ct_RANLIB=ranlib
ac_cv_prog_cc_c89=
ac_cv_prog_cc_g=yes
ac_cv_prog_cxx_g=yes
ac_cv_prog_make_make_set=yes
am_cv_CC_dependencies_compiler_type=gcc3
am_cv_CXX_dependencies_compiler_type=gcc3
pkg_cv_FFTW_CFLAGS=' '
pkg_cv_FFTW_LIBS='-lfftw3 -lm  '

## ----------------- ##
## Output variables. ##
## ----------------- ##

ACLOCAL='${SHELL} /data/melissa/scripts/projects/lobstr-code/config/missing --run aclocal-1.11'
AMDEPBACKSLASH='\'
AMDEP_FALSE='#'
AMDEP_TRUE=''
AMTAR='${SHELL} /data/melissa/scripts/projects/lobstr-code/config/missing --run tar'
AUTOCONF='${SHELL} /data/melissa/scripts/projects/lobstr-code/config/missing --run autoconf'
AUTOHEADER='${SHELL} /data/melissa/scripts/projects/lobstr-code/config/missing --run autoheader'
AUTOMAKE='${SHELL} /data/melissa/scripts/projects/lobstr-code/config/missing --run automake-1.11'
AWK='gawk'
CC='gcc'
CCDEPMODE='depmode=gcc3'
CFLAGS='-g -O2 -pthread'
CPPFLAGS=''
CPPUNIT_CFLAGS=''
CPPUNIT_CONFIG='/usr/bin/cppunit-config'
CPPUNIT_LIBS='-lcppunit -ldl'
CXX='g++'
CXXDEPMODE='depmode=gcc3'
CXXFLAGS='-g -O2 -pthread '
CYGPATH_W='echo'
DEFS='-DHAVE_CONFIG_H'
DEPDIR='.deps'
ECHO_C=''
ECHO_N='-n'
ECHO_T=''
EXEEXT=''
FFTW_CFLAGS=' '
FFTW_LIBS='-lfftw3 -lm  '
INSTALL_DATA='${INSTALL} -m 644'
INSTALL_PROGRAM='${INSTALL}'
INSTALL_SCRIPT='${INSTALL}'
INSTALL_STRIP_PROGRAM='$(install_sh) -c -s'
LDFLAGS=''
LIBOBJS=''
LIBS=' '
LTLIBOBJS=''
MAKEINFO='${SHELL} /data/melissa/scripts/projects/lobstr-code/config/missing --run makeinfo'
MKDIR_P='/bin/mkdir -p'
OBJEXT='o'
PACKAGE='STRanger'
PACKAGE_BUGREPORT='Melissa Gymrek mgymrek@mit.edu'
PACKAGE_NAME='STRanger'
PACKAGE_STRING='STRanger 0.0.1'
PACKAGE_TARNAME='STRanger'
PACKAGE_URL=''
PACKAGE_VERSION='0.0.1'
PATH_SEPARATOR=':'
PKG_CONFIG='/usr/bin/pkg-config'
PTHREAD_CC='gcc'
PTHREAD_CFLAGS='-pthread'
PTHREAD_LIBS=''
RANLIB='ranlib'
SET_MAKE=''
SHELL='/bin/bash'
STRIP=''
VERSION='0.0.1'
ac_ct_CC='gcc'
ac_ct_CXX='g++'
acx_pthread_config=''
am__EXEEXT_FALSE=''
am__EXEEXT_TRUE='#'
am__fastdepCC_FALSE='#'
am__fastdepCC_TRUE=''
am__fastdepCXX_FALSE='#'
am__fastdepCXX_TRUE=''
am__include='include'
am__isrc=''
am__leading_dot='.'
am__quote=''
am__tar='${AMTAR} chof - "$$tardir"'
am__untar='${AMTAR} xf -'
bindir='${exec_prefix}/bin'
build='x86_64-unknown-linux-gnu'
build_alias=''
build_cpu='x86_64'
build_os='linux-gnu'
build_vendor='unknown'
datadir='${datarootdir}'
datarootdir='${prefix}/share'
docdir='${datarootdir}/doc/${PACKAGE_TARNAME}'
dvidir='${docdir}'
exec_prefix='${prefix}'
host='x86_64-unknown-linux-gnu'
host_alias=''
host_cpu='x86_64'
host_os='linux-gnu'
host_vendor='unknown'
htmldir='${docdir}'
includedir='${prefix}/include'
infodir='${datarootdir}/info'
install_sh='${SHELL} /data/melissa/scripts/projects/lobstr-code/config/install-sh'
libdir='${exec_prefix}/lib'
libexecdir='${exec_prefix}/libexec'
localedir='${datarootdir}/locale'
localstatedir='${prefix}/var'
mandir='${datarootdir}/man'
mkdir_p='/bin/mkdir -p'
oldincludedir='/usr/include'
pdfdir='${docdir}'
prefix='/usr/local'
program_transform_name='s,x,x,'
psdir='${docdir}'
sbindir='${exec_prefix}/sbin'
sharedstatedir='${prefix}/com'
sysconfdir='${prefix}/etc'
target_alias=''

## ----------- ##
## confdefs.h. ##
## ----------- ##

/* confdefs.h */
#define PACKAGE_NAME "STRanger"
#define PACKAGE_TARNAME "STRanger"
#define PACKAGE_VERSION "0.0.1"
#define PACKAGE_STRING "STRanger 0.0.1"
#define PACKAGE_BUGREPORT "Melissa Gymrek mgymrek@mit.edu"
#define PACKAGE_URL ""
#define PACKAGE "STRanger"
#define VERSION "0.0.1"
#define HAVE_PTHREAD 1

configure: exit 0
